C51 COMPILER V9.60.0.0   CONFIG                                                            01/20/2020 18:43:29 PAGE 1   


C51 COMPILER V9.60.0.0, COMPILATION OF MODULE CONFIG
OBJECT MODULE PLACED IN .\Objects\config.obj
COMPILER INVOKED BY: C:\Keil_v5\C51\BIN\C51.EXE config.c OPTIMIZE(0,SPEED) BROWSE DEBUG OBJECTEXTEND PRINT(.\Listings\co
                    -nfig.lst) TABS(3) OBJECT(.\Objects\config.obj)

line level    source

   1          /////////////////////////////////////
   2          //  Generated Initialization File  //
   3          /////////////////////////////////////
   4          
   5          #include "config.h"
   6          
   7          // Peripheral specific initialization functions,
   8          // Called from the Init_Device() function
   9          void PCA_Init()
  10          {
  11   1          PCA0MD    &= ~0x40;
  12   1          PCA0MD    = 0x00;
  13   1      }
  14          
  15          void Voltage_Reference_Init()
  16          {
  17   1          REF0CN    = 0x08;
  18   1      }
  19          
  20          void Port_IO_Init()
  21          {
  22   1          // P0.0  -  Unassigned,  Open-Drain, Digital
  23   1          // P0.1  -  Unassigned,  Open-Drain, Digital
  24   1          // P0.2  -  Unassigned,  Open-Drain, Digital
  25   1          // P0.3  -  Unassigned,  Open-Drain, Digital
  26   1          // P0.4  -  Unassigned,  Open-Drain, Digital
  27   1          // P0.5  -  Unassigned,  Open-Drain, Digital
  28   1          // P0.6  -  Unassigned,  Open-Drain, Digital
  29   1          // P0.7  -  Unassigned,  Open-Drain, Digital
  30   1      
  31   1          // P1.0  -  Unassigned,  Open-Drain, Digital
  32   1          // P1.1  -  Unassigned,  Open-Drain, Digital
  33   1          // P1.2  -  Unassigned,  Open-Drain, Digital
  34   1          // P1.3  -  Unassigned,  Open-Drain, Digital
  35   1          // P1.4  -  Unassigned,  Open-Drain, Digital
  36   1          // P1.5  -  Unassigned,  Open-Drain, Digital
  37   1          // P1.6  -  Unassigned,  Open-Drain, Digital
  38   1          // P1.7  -  Unassigned,  Open-Drain, Digital
  39   1      
  40   1          // P2.0  -  Unassigned,  Push-Pull,  Digital
  41   1          // P2.1  -  Unassigned,  Open-Drain, Digital
  42   1          // P2.2  -  Unassigned,  Push-Pull,  Digital
  43   1          // P2.3  -  Unassigned,  Push-Pull,  Digital
  44   1          // P2.4  -  Unassigned,  Push-Pull,  Digital
  45   1          // P2.5  -  Unassigned,  Open-Drain, Digital
  46   1          // P2.6  -  Unassigned,  Open-Drain, Digital
  47   1          // P2.7  -  Unassigned,  Open-Drain, Digital
  48   1      
  49   1          // P3.0  -  Unassigned,  Open-Drain, Digital
  50   1      
  51   1          P2MDOUT   = 0x1D;
  52   1          XBR1      = 0x40;
  53   1      }
  54          
C51 COMPILER V9.60.0.0   CONFIG                                                            01/20/2020 18:43:29 PAGE 2   

  55          void Oscillator_Init()
  56          {
  57   1          OSCICN    = 0xC3;
  58   1      }
  59          
  60          // Initialization function for device,
  61          // Call Init_Device() from your main program
  62          void Init_Device(void)
  63          {
  64   1          PCA_Init();
  65   1          Voltage_Reference_Init();
  66   1          Port_IO_Init();
  67   1          Oscillator_Init();
  68   1      }


MODULE INFORMATION:   STATIC OVERLAYABLE
   CODE SIZE        =     35    ----
   CONSTANT SIZE    =   ----    ----
   XDATA SIZE       =   ----    ----
   PDATA SIZE       =   ----    ----
   DATA SIZE        =   ----    ----
   IDATA SIZE       =   ----    ----
   BIT SIZE         =   ----    ----
END OF MODULE INFORMATION.


C51 COMPILATION COMPLETE.  0 WARNING(S),  0 ERROR(S)
